e:\github\advanced-programming-aaa\c++ for videogames\graphics\engine\source\x64\debug\vc142.pdb
e:\github\advanced-programming-aaa\c++ for videogames\graphics\engine\source\x64\debug\vc142.idb
e:\github\advanced-programming-aaa\c++ for videogames\graphics\engine\source\x64\debug\modulewindow.obj
e:\github\advanced-programming-aaa\c++ for videogames\graphics\engine\source\x64\debug\modulerender.obj
e:\github\advanced-programming-aaa\c++ for videogames\graphics\engine\source\x64\debug\moduleprogram.obj
e:\github\advanced-programming-aaa\c++ for videogames\graphics\engine\source\x64\debug\moduleinput.obj
e:\github\advanced-programming-aaa\c++ for videogames\graphics\engine\source\x64\debug\main.obj
e:\github\advanced-programming-aaa\c++ for videogames\graphics\engine\source\x64\debug\log.obj
e:\github\advanced-programming-aaa\c++ for videogames\graphics\engine\source\x64\debug\application.obj
e:\github\advanced-programming-aaa\c++ for videogames\graphics\engine\source\x64\debug\engine.pdb
e:\github\advanced-programming-aaa\c++ for videogames\graphics\engine\source\x64\debug\engine.tlog\cl.command.1.tlog
e:\github\advanced-programming-aaa\c++ for videogames\graphics\engine\source\x64\debug\engine.tlog\cl.read.1.tlog
e:\github\advanced-programming-aaa\c++ for videogames\graphics\engine\source\x64\debug\engine.tlog\cl.write.1.tlog
e:\github\advanced-programming-aaa\c++ for videogames\graphics\engine\source\x64\debug\engine.tlog\link-cvtres.read.1.tlog
e:\github\advanced-programming-aaa\c++ for videogames\graphics\engine\source\x64\debug\engine.tlog\link-cvtres.write.1.tlog
e:\github\advanced-programming-aaa\c++ for videogames\graphics\engine\source\x64\debug\engine.tlog\link-rc.read.1.tlog
e:\github\advanced-programming-aaa\c++ for videogames\graphics\engine\source\x64\debug\engine.tlog\link-rc.write.1.tlog
e:\github\advanced-programming-aaa\c++ for videogames\graphics\engine\source\x64\debug\engine.tlog\link.command.1.tlog
e:\github\advanced-programming-aaa\c++ for videogames\graphics\engine\source\x64\debug\engine.tlog\link.read.1.tlog
e:\github\advanced-programming-aaa\c++ for videogames\graphics\engine\source\x64\debug\engine.tlog\link.write.1.tlog
